<?xml version="1.0" encoding="UTF-8"?>
<!-- Generated by org.testng.reporters.JUnitReportReporter -->
<testsuite skipped="0" hostname="Ritu-Jain" name="RestDemo" tests="1" failures="0" timestamp="03 Sep 2022 09:59:53 GMT" time="8.407" errors="0">
  <testcase name="get_request" time="8.407" classname="RestDemo"/>
</testsuite> <!-- RestDemo -->
